<?xml version="1.0" encoding="UTF-8"?>
<!-- Generated by org.testng.reporters.JUnitReportReporter -->
<testsuite hostname="L-004299" name="test1.DomaciTest" tests="1" failures="0" timestamp="12 Aug 2016 13:54:16 GMT" time="0.021" errors="0">
  <testcase name="f" time="0.021" classname="test1.DomaciTest"/>
</testsuite> <!-- test1.DomaciTest -->
