<?xml version="1.0" encoding="UTF-8"?>
<!-- Generated by org.testng.reporters.JUnitReportReporter -->
<testsuite hostname="L-004299" name="test.login.TNGAnnotations" tests="3" failures="0" timestamp="15 Aug 2016 13:51:55 GMT" time="8.901" errors="0">
  <testcase name="NeuspesnoLogovanje" time="1.950" classname="test.login.TNGAnnotations"/>
  <testcase name="UspesnoLogovanje" time="5.059" classname="test.login.TNGAnnotations"/>
  <testcase name="NeuspesnoLogovanje1" time="1.892" classname="test.login.TNGAnnotations"/>
</testsuite> <!-- test.login.TNGAnnotations -->
