<?xml version="1.0" encoding="UTF-8"?>
<!-- Generated by org.testng.reporters.JUnitReportReporter -->
<testsuite hostname="L-004299" name="test.Login" tests="1" failures="0" timestamp="5 Aug 2016 14:23:26 GMT" time="9.355" errors="0">
  <testcase name="f" time="9.355" classname="test.Login"/>
</testsuite> <!-- test.Login -->
