<?xml version="1.0" encoding="UTF-8"?>
<!-- Generated by org.testng.reporters.JUnitReportReporter -->
<testsuite hostname="L-004299" name="test.LosKorisnik" tests="1" failures="0" timestamp="8 Aug 2016 07:35:16 GMT" time="8.122" errors="0">
  <testcase name="f" time="8.122" classname="test.LosKorisnik"/>
</testsuite> <!-- test.LosKorisnik -->
