<?xml version="1.0" encoding="UTF-8"?>
<!-- Generated by org.testng.reporters.JUnitReportReporter -->
<testsuite hostname="L-004299" name="test.LosKorisnik" tests="1" failures="0" timestamp="12 Aug 2016 13:53:35 GMT" time="7.664" errors="0">
  <testcase name="f" time="7.664" classname="test.LosKorisnik"/>
</testsuite> <!-- test.LosKorisnik -->
