<?xml version="1.0" encoding="UTF-8"?>
<!-- Generated by org.testng.reporters.JUnitReportReporter -->
<testsuite hostname="L-004299" name="test.Test1" tests="1" failures="0" timestamp="5 Aug 2016 14:25:05 GMT" time="8.529" errors="0">
  <testcase name="f" time="8.529" classname="test.Test1"/>
</testsuite> <!-- test.Test1 -->
