<?xml version="1.0" encoding="UTF-8"?>
<!-- Generated by org.testng.reporters.JUnitReportReporter -->
<testsuite hostname="L-004299" name="test.LosaSifra" tests="1" failures="0" timestamp="8 Aug 2016 07:36:23 GMT" time="8.135" errors="0">
  <testcase name="f" time="8.135" classname="test.LosaSifra"/>
</testsuite> <!-- test.LosaSifra -->
