<?xml version="1.0" encoding="UTF-8"?>
<!-- Generated by org.testng.reporters.JUnitReportReporter -->
<testsuite hostname="L-004299" name="test.cdd.CheckBoxFunctionality" tests="1" failures="0" timestamp="9 Aug 2016 14:46:31 GMT" time="54.628" errors="0">
  <testcase name="login" time="54.628" classname="test.cdd.CheckBoxFunctionality"/>
</testsuite> <!-- test.cdd.CheckBoxFunctionality -->
